<?xml version="1.0" encoding="UTF-8"?>
<testng-results skipped="0" failed="1" ignored="0" total="1" passed="0">
  <reporter-output>
  </reporter-output>
  <suite name="Demo Test Suite" duration-ms="6002" started-at="2020-09-21T23:44:16 EEST" finished-at="2020-09-21T23:44:22 EEST">
    <groups>
    </groups>
    <test name="TC_01_Domain" duration-ms="6002" started-at="2020-09-21T23:44:16 EEST" finished-at="2020-09-21T23:44:22 EEST">
      <class name="com.demo.tests.TestCase_01_CreateNewDomain">
        <test-method status="PASS" signature="cleanReportData()[pri:0, instance:com.demo.tests.TestCase_01_CreateNewDomain@28b46423]" name="cleanReportData" is-config="true" duration-ms="8" started-at="2020-09-21T23:44:16 EEST" finished-at="2020-09-21T23:44:16 EEST">
          <reporter-output>
          </reporter-output>
        </test-method> <!-- cleanReportData -->
        <test-method status="PASS" signature="browserConfig(java.lang.String)[pri:0, instance:com.demo.tests.TestCase_01_CreateNewDomain@28b46423]" name="browserConfig" is-config="true" duration-ms="3484" started-at="2020-09-21T23:44:16 EEST" finished-at="2020-09-21T23:44:19 EEST">
          <params>
            <param index="0">
              <value>
                <![CDATA[chrome]]>
              </value>
            </param>
          </params>
          <reporter-output>
          </reporter-output>
        </test-method> <!-- browserConfig -->
        <test-method status="PASS" signature="setEnvironmentHostUserPass(java.lang.String)[pri:0, instance:com.demo.tests.TestCase_01_CreateNewDomain@28b46423]" name="setEnvironmentHostUserPass" is-config="true" duration-ms="26" started-at="2020-09-21T23:44:19 EEST" finished-at="2020-09-21T23:44:20 EEST">
          <params>
            <param index="0">
              <value>
                <![CDATA[test]]>
              </value>
            </param>
          </params>
          <reporter-output>
          </reporter-output>
        </test-method> <!-- setEnvironmentHostUserPass -->
        <test-method status="FAIL" signature="post_new_email(java.lang.reflect.Method)[pri:0, instance:com.demo.tests.TestCase_01_CreateNewDomain@28b46423]" name="post_new_email" duration-ms="1659" started-at="2020-09-21T23:44:20 EEST" description="API" finished-at="2020-09-21T23:44:21 EEST">
          <params>
            <param index="0">
              <value>
                <![CDATA[public void com.demo.tests.TestCase_01_CreateNewDomain.post_new_email(java.lang.reflect.Method) throws java.lang.Exception]]>
              </value>
            </param>
          </params>
          <exception class="java.lang.AssertionError">
            <message>
              <![CDATA[expected [true] but found [false]]]>
            </message>
            <full-stacktrace>
              <![CDATA[java.lang.AssertionError: expected [true] but found [false]
at org.testng.Assert.fail(Assert.java:97)
at org.testng.Assert.failNotEquals(Assert.java:969)
at org.testng.Assert.assertTrue(Assert.java:43)
at org.testng.Assert.assertTrue(Assert.java:53)
at com.demo.scripts.api.domain.CreateNewDomain.create_new_domain(CreateNewDomain.java:100)
at com.demo.tests.TestCase_01_CreateNewDomain.post_new_email(TestCase_01_CreateNewDomain.java:23)
at sun.reflect.NativeMethodAccessorImpl.invoke0(Native Method)
at sun.reflect.NativeMethodAccessorImpl.invoke(Unknown Source)
at sun.reflect.DelegatingMethodAccessorImpl.invoke(Unknown Source)
at java.lang.reflect.Method.invoke(Unknown Source)
at org.testng.internal.MethodInvocationHelper.invokeMethod(MethodInvocationHelper.java:134)
at org.testng.internal.TestInvoker.invokeMethod(TestInvoker.java:597)
at org.testng.internal.TestInvoker.invokeTestMethod(TestInvoker.java:173)
at org.testng.internal.MethodRunner.runInSequence(MethodRunner.java:46)
at org.testng.internal.TestInvoker$MethodInvocationAgent.invoke(TestInvoker.java:816)
at org.testng.internal.TestInvoker.invokeTestMethods(TestInvoker.java:146)
at org.testng.internal.TestMethodWorker.invokeTestMethods(TestMethodWorker.java:146)
at org.testng.internal.TestMethodWorker.run(TestMethodWorker.java:128)
at java.util.ArrayList.forEach(Unknown Source)
at org.testng.TestRunner.privateRun(TestRunner.java:766)
at org.testng.TestRunner.run(TestRunner.java:587)
at org.testng.SuiteRunner.runTest(SuiteRunner.java:384)
at org.testng.SuiteRunner.runSequentially(SuiteRunner.java:378)
at org.testng.SuiteRunner.privateRun(SuiteRunner.java:337)
at org.testng.SuiteRunner.run(SuiteRunner.java:286)
at org.testng.SuiteRunnerWorker.runSuite(SuiteRunnerWorker.java:53)
at org.testng.SuiteRunnerWorker.run(SuiteRunnerWorker.java:96)
at org.testng.TestNG.runSuitesSequentially(TestNG.java:1187)
at org.testng.TestNG.runSuitesLocally(TestNG.java:1109)
at org.testng.TestNG.runSuites(TestNG.java:1039)
at org.testng.TestNG.run(TestNG.java:1007)
at org.testng.TestNG.privateMain(TestNG.java:1336)
at org.testng.TestNG.main(TestNG.java:1304)
]]>
            </full-stacktrace>
          </exception> <!-- java.lang.AssertionError -->
          <reporter-output>
          </reporter-output>
        </test-method> <!-- post_new_email -->
        <test-method status="PASS" signature="generateReport(org.testng.ITestContext, org.testng.ITestResult)[pri:0, instance:com.demo.tests.TestCase_01_CreateNewDomain@28b46423]" name="generateReport" is-config="true" duration-ms="6" started-at="2020-09-21T23:44:21 EEST" finished-at="2020-09-21T23:44:21 EEST">
          <params>
            <param index="0">
              <value>
                <![CDATA[org.testng.TestRunner@3ee0b4f7]]>
              </value>
            </param>
            <param index="1">
              <value>
                <![CDATA[[TestResult name=post_new_email status=FAILURE method=TestCase_01_CreateNewDomain.post_new_email(java.lang.reflect.Method)[pri:0, instance:com.demo.tests.TestCase_01_CreateNewDomain@28b46423] output={null}]]]>
              </value>
            </param>
          </params>
          <reporter-output>
          </reporter-output>
        </test-method> <!-- generateReport -->
        <test-method status="PASS" signature="flushReportData()[pri:0, instance:com.demo.tests.TestCase_01_CreateNewDomain@28b46423]" name="flushReportData" is-config="true" duration-ms="614" started-at="2020-09-21T23:44:21 EEST" finished-at="2020-09-21T23:44:22 EEST">
          <reporter-output>
          </reporter-output>
        </test-method> <!-- flushReportData -->
        <test-method status="PASS" signature="tearDown()[pri:0, instance:com.demo.tests.TestCase_01_CreateNewDomain@28b46423]" name="tearDown" is-config="true" duration-ms="199" started-at="2020-09-21T23:44:22 EEST" finished-at="2020-09-21T23:44:22 EEST">
          <reporter-output>
          </reporter-output>
        </test-method> <!-- tearDown -->
      </class> <!-- com.demo.tests.TestCase_01_CreateNewDomain -->
    </test> <!-- TC_01_Domain -->
  </suite> <!-- Demo Test Suite -->
</testng-results>
